# JRE version: Java(TM) SE Runtime Environment (8.0_45-b15) (build 1.8.0_45-b15)
# Java VM: Java HotSpot(TM) 64-Bit Server VM (25.45-b02 mixed mode windows-amd64 compressed oops)
Heap:
 PSYoungGen      total 112640K, used 3896K [0x00000000eab00000, 0x00000000f5f00000, 0x0000000100000000)
  eden space 102400K, 3% used [0x00000000eab00000,0x00000000eaece198,0x00000000f0f00000)
  from space 10240K, 0% used [0x00000000f0f00000,0x00000000f0f00000,0x00000000f1900000)
  to   space 13312K, 0% used [0x00000000f5200000,0x00000000f5200000,0x00000000f5f00000)
 ParOldGen       total 96768K, used 21307K [0x00000000c0000000, 0x00000000c5e80000, 0x00000000eab00000)
  object space 96768K, 22% used [0x00000000c0000000,0x00000000c14cef40,0x00000000c5e80000)
 Metaspace       used 35496K, capacity 36190K, committed 36352K, reserved 1081344K
  class space    used 4858K, capacity 5065K, committed 5120K, reserved 1048576K
GC Heap History (10 events):
Event: 3.453 GC heap before
{Heap before GC invocations=5 (full 1):
 PSYoungGen      total 71680K, used 5104K [0x00000000eab00000, 0x00000000ef600000, 0x0000000100000000)
  eden space 66560K, 0% used [0x00000000eab00000,0x00000000eab00000,0x00000000eec00000)
  from space 5120K, 99% used [0x00000000ef100000,0x00000000ef5fc020,0x00000000ef600000)
  to   space 5120K, 0% used [0x00000000eec00000,0x00000000eec00000,0x00000000ef100000)
 ParOldGen       total 87552K, used 9107K [0x00000000c0000000, 0x00000000c5580000, 0x00000000eab00000)
  object space 87552K, 10% used [0x00000000c0000000,0x00000000c08e4dc8,0x00000000c5580000)
 Metaspace       used 20878K, capacity 21226K, committed 21296K, reserved 1067008K
  class space    used 2816K, capacity 2939K, committed 2944K, reserved 1048576K
Event: 3.499 GC heap after
Heap after GC invocations=5 (full 1):
 PSYoungGen      total 71680K, used 0K [0x00000000eab00000, 0x00000000ef600000, 0x0000000100000000)
  eden space 66560K, 0% used [0x00000000eab00000,0x00000000eab00000,0x00000000eec00000)
  from space 5120K, 0% used [0x00000000ef100000,0x00000000ef100000,0x00000000ef600000)
  to   space 5120K, 0% used [0x00000000eec00000,0x00000000eec00000,0x00000000ef100000)
 ParOldGen       total 60928K, used 9418K [0x00000000c0000000, 0x00000000c3b80000, 0x00000000eab00000)
  object space 60928K, 15% used [0x00000000c0000000,0x00000000c09329a8,0x00000000c3b80000)
 Metaspace       used 20878K, capacity 21226K, committed 21296K, reserved 1067008K
  class space    used 2816K, capacity 2939K, committed 2944K, reserved 1048576K
}
Event: 5.523 GC heap before
{Heap before GC invocations=6 (full 1):
 PSYoungGen      total 71680K, used 66560K [0x00000000eab00000, 0x00000000ef600000, 0x0000000100000000)
  eden space 66560K, 100% used [0x00000000eab00000,0x00000000eec00000,0x00000000eec00000)
  from space 5120K, 0% used [0x00000000ef100000,0x00000000ef100000,0x00000000ef600000)
  to   space 5120K, 0% used [0x00000000eec00000,0x00000000eec00000,0x00000000ef100000)
 ParOldGen       total 60928K, used 9418K [0x00000000c0000000, 0x00000000c3b80000, 0x00000000eab00000)
  object space 60928K, 15% used [0x00000000c0000000,0x00000000c09329a8,0x00000000c3b80000)
 Metaspace       used 26512K, capacity 26948K, committed 27136K, reserved 1073152K
  class space    used 3619K, capacity 3730K, committed 3840K, reserved 1048576K
Event: 5.533 GC heap after
Heap after GC invocations=6 (full 1):
 PSYoungGen      total 71680K, used 5109K [0x00000000eab00000, 0x00000000f2600000, 0x0000000100000000)
  eden space 66560K, 0% used [0x00000000eab00000,0x00000000eab00000,0x00000000eec00000)
  from space 5120K, 99% used [0x00000000eec00000,0x00000000ef0fd5c0,0x00000000ef100000)
  to   space 10752K, 0% used [0x00000000f1b80000,0x00000000f1b80000,0x00000000f2600000)
 ParOldGen       total 60928K, used 10536K [0x00000000c0000000, 0x00000000c3b80000, 0x00000000eab00000)
  object space 60928K, 17% used [0x00000000c0000000,0x00000000c0a4a0f0,0x00000000c3b80000)
 Metaspace       used 26512K, capacity 26948K, committed 27136K, reserved 1073152K
  class space    used 3619K, capacity 3730K, committed 3840K, reserved 1048576K
}
Event: 7.600 GC heap before
{Heap before GC invocations=7 (full 1):
 PSYoungGen      total 71680K, used 71669K [0x00000000eab00000, 0x00000000f2600000, 0x0000000100000000)
  eden space 66560K, 100% used [0x00000000eab00000,0x00000000eec00000,0x00000000eec00000)
  from space 5120K, 99% used [0x00000000eec00000,0x00000000ef0fd5c0,0x00000000ef100000)
  to   space 10752K, 0% used [0x00000000f1b80000,0x00000000f1b80000,0x00000000f2600000)
 ParOldGen       total 60928K, used 10536K [0x00000000c0000000, 0x00000000c3b80000, 0x00000000eab00000)
  object space 60928K, 17% used [0x00000000c0000000,0x00000000c0a4a0f0,0x00000000c3b80000)
 Metaspace       used 29683K, capacity 30168K, committed 30336K, reserved 1075200K
  class space    used 4037K, capacity 4166K, committed 4224K, reserved 1048576K
Event: 7.608 GC heap after
Heap after GC invocations=7 (full 1):
 PSYoungGen      total 108544K, used 7177K [0x00000000eab00000, 0x00000000f2300000, 0x0000000100000000)
  eden space 100864K, 0% used [0x00000000eab00000,0x00000000eab00000,0x00000000f0d80000)
  from space 7680K, 93% used [0x00000000f1b80000,0x00000000f22824e0,0x00000000f2300000)
  to   space 10240K, 0% used [0x00000000f0f00000,0x00000000f0f00000,0x00000000f1900000)
 ParOldGen       total 60928K, used 10608K [0x00000000c0000000, 0x00000000c3b80000, 0x00000000eab00000)
  object space 60928K, 17% used [0x00000000c0000000,0x00000000c0a5c100,0x00000000c3b80000)
 Metaspace       used 29683K, capacity 30168K, committed 30336K, reserved 1075200K
  class space    used 4037K, capacity 4166K, committed 4224K, reserved 1048576K
}
Event: 8.889 GC heap before
{Heap before GC invocations=8 (full 1):
 PSYoungGen      total 108544K, used 101244K [0x00000000eab00000, 0x00000000f2300000, 0x0000000100000000)
  eden space 100864K, 93% used [0x00000000eab00000,0x00000000f06dcc28,0x00000000f0d80000)
  from space 7680K, 93% used [0x00000000f1b80000,0x00000000f22824e0,0x00000000f2300000)
  to   space 10240K, 0% used [0x00000000f0f00000,0x00000000f0f00000,0x00000000f1900000)
 ParOldGen       total 60928K, used 10608K [0x00000000c0000000, 0x00000000c3b80000, 0x00000000eab00000)
  object space 60928K, 17% used [0x00000000c0000000,0x00000000c0a5c100,0x00000000c3b80000)
 Metaspace       used 34696K, capacity 35332K, committed 35456K, reserved 1079296K
  class space    used 4727K, capacity 4922K, committed 4992K, reserved 1048576K
Event: 8.923 GC heap after
Heap after GC invocations=8 (full 1):
 PSYoungGen      total 112640K, used 10226K [0x00000000eab00000, 0x00000000f5f00000, 0x0000000100000000)
  eden space 102400K, 0% used [0x00000000eab00000,0x00000000eab00000,0x00000000f0f00000)
  from space 10240K, 99% used [0x00000000f0f00000,0x00000000f18fca98,0x00000000f1900000)
  to   space 13312K, 0% used [0x00000000f5200000,0x00000000f5200000,0x00000000f5f00000)
 ParOldGen       total 60928K, used 14159K [0x00000000c0000000, 0x00000000c3b80000, 0x00000000eab00000)
  object space 60928K, 23% used [0x00000000c0000000,0x00000000c0dd3fe8,0x00000000c3b80000)
 Metaspace       used 34696K, capacity 35332K, committed 35456K, reserved 1079296K
  class space    used 4727K, capacity 4922K, committed 4992K, reserved 1048576K
}
Event: 8.923 GC heap before
{Heap before GC invocations=9 (full 2):
 PSYoungGen      total 112640K, used 10226K [0x00000000eab00000, 0x00000000f5f00000, 0x0000000100000000)
  eden space 102400K, 0% used [0x00000000eab00000,0x00000000eab00000,0x00000000f0f00000)
  from space 10240K, 99% used [0x00000000f0f00000,0x00000000f18fca98,0x00000000f1900000)
  to   space 13312K, 0% used [0x00000000f5200000,0x00000000f5200000,0x00000000f5f00000)
 ParOldGen       total 60928K, used 14159K [0x00000000c0000000, 0x00000000c3b80000, 0x00000000eab00000)
  object space 60928K, 23% used [0x00000000c0000000,0x00000000c0dd3fe8,0x00000000c3b80000)
 Metaspace       used 34696K, capacity 35332K, committed 35456K, reserved 1079296K
  class space    used 4727K, capacity 4922K, committed 4992K, reserved 1048576K
Event: 9.046 GC heap after
Heap after GC invocations=9 (full 2):
 PSYoungGen      total 112640K, used 0K [0x00000000eab00000, 0x00000000f5f00000, 0x0000000100000000)
  eden space 102400K, 0% used [0x00000000eab00000,0x00000000eab00000,0x00000000f0f00000)
  from space 10240K, 0% used [0x00000000f0f00000,0x00000000f0f00000,0x00000000f1900000)
  to   space 13312K, 0% used [0x00000000f5200000,0x00000000f5200000,0x00000000f5f00000)
 ParOldGen       total 96768K, used 21307K [0x00000000c0000000, 0x00000000c5e80000, 0x00000000eab00000)
  object space 96768K, 22% used [0x00000000c0000000,0x00000000c14cef40,0x00000000c5e80000)
 Metaspace       used 34696K, capacity 35332K, committed 35456K, reserved 1079296K
  class space    used 4727K, capacity 4922K, committed 4992K, reserved 1048576K
}

