# JRE version: Java(TM) SE Runtime Environment (8.0_45-b15) (build 1.8.0_45-b15)
# Java VM: Java HotSpot(TM) 64-Bit Server VM (25.45-b02 mixed mode windows-amd64 compressed oops)
Heap:
 PSYoungGen      total 323584K, used 41037K [0x00000000eab00000, 0x0000000100000000, 0x0000000100000000)
  eden space 301568K, 13% used [0x00000000eab00000,0x00000000ed313740,0x00000000fd180000)
  from space 22016K, 0% used [0x00000000fd180000,0x00000000fd180000,0x00000000fe700000)
  to   space 21504K, 0% used [0x00000000feb00000,0x00000000feb00000,0x0000000100000000)
 ParOldGen       total 84992K, used 34617K [0x00000000c0000000, 0x00000000c5300000, 0x00000000eab00000)
  object space 84992K, 40% used [0x00000000c0000000,0x00000000c21ce5b0,0x00000000c5300000)
 Metaspace       used 60897K, capacity 63100K, committed 63616K, reserved 1103872K
  class space    used 7835K, capacity 8164K, committed 8320K, reserved 1048576K
GC Heap History (10 events):
Event: 3285.442 GC heap before
{Heap before GC invocations=26 (full 7):
 PSYoungGen      total 324096K, used 139783K [0x00000000eab00000, 0x00000000fff00000, 0x0000000100000000)
  eden space 301056K, 42% used [0x00000000eab00000,0x00000000f29034f0,0x00000000fd100000)
  from space 23040K, 46% used [0x00000000fe880000,0x00000000ff2fe9b8,0x00000000fff00000)
  to   space 23552K, 0% used [0x00000000fd100000,0x00000000fd100000,0x00000000fe800000)
 ParOldGen       total 84992K, used 30007K [0x00000000c0000000, 0x00000000c5300000, 0x00000000eab00000)
  object space 84992K, 35% used [0x00000000c0000000,0x00000000c1d4df40,0x00000000c5300000)
 Metaspace       used 59816K, capacity 61464K, committed 62208K, reserved 1103872K
  class space    used 7718K, capacity 7940K, committed 8192K, reserved 1048576K
Event: 3285.491 GC heap after
Heap after GC invocations=26 (full 7):
 PSYoungGen      total 306176K, used 4680K [0x00000000eab00000, 0x00000000ffd00000, 0x0000000100000000)
  eden space 301056K, 0% used [0x00000000eab00000,0x00000000eab00000,0x00000000fd100000)
  from space 5120K, 91% used [0x00000000fd100000,0x00000000fd592118,0x00000000fd600000)
  to   space 22528K, 0% used [0x00000000fe700000,0x00000000fe700000,0x00000000ffd00000)
 ParOldGen       total 84992K, used 39280K [0x00000000c0000000, 0x00000000c5300000, 0x00000000eab00000)
  object space 84992K, 46% used [0x00000000c0000000,0x00000000c265c070,0x00000000c5300000)
 Metaspace       used 59816K, capacity 61464K, committed 62208K, reserved 1103872K
  class space    used 7718K, capacity 7940K, committed 8192K, reserved 1048576K
}
Event: 3285.491 GC heap before
{Heap before GC invocations=27 (full 8):
 PSYoungGen      total 306176K, used 4680K [0x00000000eab00000, 0x00000000ffd00000, 0x0000000100000000)
  eden space 301056K, 0% used [0x00000000eab00000,0x00000000eab00000,0x00000000fd100000)
  from space 5120K, 91% used [0x00000000fd100000,0x00000000fd592118,0x00000000fd600000)
  to   space 22528K, 0% used [0x00000000fe700000,0x00000000fe700000,0x00000000ffd00000)
 ParOldGen       total 84992K, used 39280K [0x00000000c0000000, 0x00000000c5300000, 0x00000000eab00000)
  object space 84992K, 46% used [0x00000000c0000000,0x00000000c265c070,0x00000000c5300000)
 Metaspace       used 59816K, capacity 61464K, committed 62208K, reserved 1103872K
  class space    used 7718K, capacity 7940K, committed 8192K, reserved 1048576K
Event: 3285.789 GC heap after
Heap after GC invocations=27 (full 8):
 PSYoungGen      total 306176K, used 0K [0x00000000eab00000, 0x00000000ffd00000, 0x0000000100000000)
  eden space 301056K, 0% used [0x00000000eab00000,0x00000000eab00000,0x00000000fd100000)
  from space 5120K, 0% used [0x00000000fd100000,0x00000000fd100000,0x00000000fd600000)
  to   space 22528K, 0% used [0x00000000fe700000,0x00000000fe700000,0x00000000ffd00000)
 ParOldGen       total 84992K, used 34258K [0x00000000c0000000, 0x00000000c5300000, 0x00000000eab00000)
  object space 84992K, 40% used [0x00000000c0000000,0x00000000c2174a80,0x00000000c5300000)
 Metaspace       used 59762K, capacity 61282K, committed 62208K, reserved 1103872K
  class space    used 7701K, capacity 7923K, committed 8192K, reserved 1048576K
}
Event: 3393.400 GC heap before
{Heap before GC invocations=28 (full 8):
 PSYoungGen      total 306176K, used 301056K [0x00000000eab00000, 0x00000000ffd00000, 0x0000000100000000)
  eden space 301056K, 100% used [0x00000000eab00000,0x00000000fd100000,0x00000000fd100000)
  from space 5120K, 0% used [0x00000000fd100000,0x00000000fd100000,0x00000000fd600000)
  to   space 22528K, 0% used [0x00000000fe700000,0x00000000fe700000,0x00000000ffd00000)
 ParOldGen       total 84992K, used 34258K [0x00000000c0000000, 0x00000000c5300000, 0x00000000eab00000)
  object space 84992K, 40% used [0x00000000c0000000,0x00000000c2174a80,0x00000000c5300000)
 Metaspace       used 60574K, capacity 62638K, committed 62976K, reserved 1103872K
  class space    used 7810K, capacity 8119K, committed 8192K, reserved 1048576K
Event: 3393.408 GC heap after
Heap after GC invocations=28 (full 8):
 PSYoungGen      total 324096K, used 5263K [0x00000000eab00000, 0x0000000100000000, 0x0000000100000000)
  eden space 301568K, 0% used [0x00000000eab00000,0x00000000eab00000,0x00000000fd180000)
  from space 22528K, 23% used [0x00000000fe700000,0x00000000fec23c40,0x00000000ffd00000)
  to   space 22016K, 0% used [0x00000000fd180000,0x00000000fd180000,0x00000000fe700000)
 ParOldGen       total 84992K, used 34266K [0x00000000c0000000, 0x00000000c5300000, 0x00000000eab00000)
  object space 84992K, 40% used [0x00000000c0000000,0x00000000c2176a80,0x00000000c5300000)
 Metaspace       used 60574K, capacity 62638K, committed 62976K, reserved 1103872K
  class space    used 7810K, capacity 8119K, committed 8192K, reserved 1048576K
}
Event: 3406.131 GC heap before
{Heap before GC invocations=29 (full 8):
 PSYoungGen      total 324096K, used 122685K [0x00000000eab00000, 0x0000000100000000, 0x0000000100000000)
  eden space 301568K, 38% used [0x00000000eab00000,0x00000000f1dab9a8,0x00000000fd180000)
  from space 22528K, 23% used [0x00000000fe700000,0x00000000fec23c40,0x00000000ffd00000)
  to   space 22016K, 0% used [0x00000000fd180000,0x00000000fd180000,0x00000000fe700000)
 ParOldGen       total 84992K, used 34266K [0x00000000c0000000, 0x00000000c5300000, 0x00000000eab00000)
  object space 84992K, 40% used [0x00000000c0000000,0x00000000c2176a80,0x00000000c5300000)
 Metaspace       used 60898K, capacity 63270K, committed 63616K, reserved 1103872K
  class space    used 7851K, capacity 8179K, committed 8320K, reserved 1048576K
Event: 3406.136 GC heap after
Heap after GC invocations=29 (full 8):
 PSYoungGen      total 323584K, used 2192K [0x00000000eab00000, 0x0000000100000000, 0x0000000100000000)
  eden space 301568K, 0% used [0x00000000eab00000,0x00000000eab00000,0x00000000fd180000)
  from space 22016K, 9% used [0x00000000fd180000,0x00000000fd3a4010,0x00000000fe700000)
  to   space 21504K, 0% used [0x00000000feb00000,0x00000000feb00000,0x0000000100000000)
 ParOldGen       total 84992K, used 34274K [0x00000000c0000000, 0x00000000c5300000, 0x00000000eab00000)
  object space 84992K, 40% used [0x00000000c0000000,0x00000000c2178a80,0x00000000c5300000)
 Metaspace       used 60898K, capacity 63270K, committed 63616K, reserved 1103872K
  class space    used 7851K, capacity 8179K, committed 8320K, reserved 1048576K
}
Event: 3406.136 GC heap before
{Heap before GC invocations=30 (full 9):
 PSYoungGen      total 323584K, used 2192K [0x00000000eab00000, 0x0000000100000000, 0x0000000100000000)
  eden space 301568K, 0% used [0x00000000eab00000,0x00000000eab00000,0x00000000fd180000)
  from space 22016K, 9% used [0x00000000fd180000,0x00000000fd3a4010,0x00000000fe700000)
  to   space 21504K, 0% used [0x00000000feb00000,0x00000000feb00000,0x0000000100000000)
 ParOldGen       total 84992K, used 34274K [0x00000000c0000000, 0x00000000c5300000, 0x00000000eab00000)
  object space 84992K, 40% used [0x00000000c0000000,0x00000000c2178a80,0x00000000c5300000)
 Metaspace       used 60898K, capacity 63270K, committed 63616K, reserved 1103872K
  class space    used 7851K, capacity 8179K, committed 8320K, reserved 1048576K
Event: 3406.407 GC heap after
Heap after GC invocations=30 (full 9):
 PSYoungGen      total 323584K, used 0K [0x00000000eab00000, 0x0000000100000000, 0x0000000100000000)
  eden space 301568K, 0% used [0x00000000eab00000,0x00000000eab00000,0x00000000fd180000)
  from space 22016K, 0% used [0x00000000fd180000,0x00000000fd180000,0x00000000fe700000)
  to   space 21504K, 0% used [0x00000000feb00000,0x00000000feb00000,0x0000000100000000)
 ParOldGen       total 84992K, used 34617K [0x00000000c0000000, 0x00000000c5300000, 0x00000000eab00000)
  object space 84992K, 40% used [0x00000000c0000000,0x00000000c21ce5b0,0x00000000c5300000)
 Metaspace       used 60793K, capacity 62918K, committed 63616K, reserved 1103872K
  class space    used 7819K, capacity 8147K, committed 8320K, reserved 1048576K
}

