# JRE version: Java(TM) SE Runtime Environment (8.0_45-b15) (build 1.8.0_45-b15)
# Java VM: Java HotSpot(TM) 64-Bit Server VM (25.45-b02 mixed mode windows-amd64 compressed oops)
Heap:
 PSYoungGen      total 202752K, used 158000K [0x00000000eab00000, 0x00000000f8680000, 0x0000000100000000)
  eden space 183808K, 76% used [0x00000000eab00000,0x00000000f34a1620,0x00000000f5e80000)
  from space 18944K, 90% used [0x00000000f7380000,0x00000000f842acc0,0x00000000f8600000)
  to   space 20480K, 0% used [0x00000000f5e80000,0x00000000f5e80000,0x00000000f7280000)
 ParOldGen       total 98816K, used 30688K [0x00000000c0000000, 0x00000000c6080000, 0x00000000eab00000)
  object space 98816K, 31% used [0x00000000c0000000,0x00000000c1df8360,0x00000000c6080000)
 Metaspace       used 54848K, capacity 56042K, committed 56064K, reserved 1097728K
  class space    used 7331K, capacity 7663K, committed 7680K, reserved 1048576K
GC Heap History (10 events):
Event: 10.029 GC heap before
{Heap before GC invocations=8 (full 1):
 PSYoungGen      total 106496K, used 102198K [0x00000000eab00000, 0x00000000f2780000, 0x0000000100000000)
  eden space 95744K, 99% used [0x00000000eab00000,0x00000000f07b4028,0x00000000f0880000)
  from space 10752K, 67% used [0x00000000f1280000,0x00000000f19998f0,0x00000000f1d00000)
  to   space 10240K, 0% used [0x00000000f0880000,0x00000000f0880000,0x00000000f1280000)
 ParOldGen       total 65536K, used 10634K [0x00000000c0000000, 0x00000000c4000000, 0x00000000eab00000)
  object space 65536K, 16% used [0x00000000c0000000,0x00000000c0a62b70,0x00000000c4000000)
 Metaspace       used 34720K, capacity 35332K, committed 35456K, reserved 1079296K
  class space    used 4729K, capacity 4922K, committed 4992K, reserved 1048576K
Event: 10.052 GC heap after
Heap after GC invocations=8 (full 1):
 PSYoungGen      total 105984K, used 10227K [0x00000000eab00000, 0x00000000f5800000, 0x0000000100000000)
  eden space 95744K, 0% used [0x00000000eab00000,0x00000000eab00000,0x00000000f0880000)
  from space 10240K, 99% used [0x00000000f0880000,0x00000000f127ce28,0x00000000f1280000)
  to   space 13312K, 0% used [0x00000000f4b00000,0x00000000f4b00000,0x00000000f5800000)
 ParOldGen       total 65536K, used 14299K [0x00000000c0000000, 0x00000000c4000000, 0x00000000eab00000)
  object space 65536K, 21% used [0x00000000c0000000,0x00000000c0df6c80,0x00000000c4000000)
 Metaspace       used 34720K, capacity 35332K, committed 35456K, reserved 1079296K
  class space    used 4729K, capacity 4922K, committed 4992K, reserved 1048576K
}
Event: 10.052 GC heap before
{Heap before GC invocations=9 (full 2):
 PSYoungGen      total 105984K, used 10227K [0x00000000eab00000, 0x00000000f5800000, 0x0000000100000000)
  eden space 95744K, 0% used [0x00000000eab00000,0x00000000eab00000,0x00000000f0880000)
  from space 10240K, 99% used [0x00000000f0880000,0x00000000f127ce28,0x00000000f1280000)
  to   space 13312K, 0% used [0x00000000f4b00000,0x00000000f4b00000,0x00000000f5800000)
 ParOldGen       total 65536K, used 14299K [0x00000000c0000000, 0x00000000c4000000, 0x00000000eab00000)
  object space 65536K, 21% used [0x00000000c0000000,0x00000000c0df6c80,0x00000000c4000000)
 Metaspace       used 34720K, capacity 35332K, committed 35456K, reserved 1079296K
  class space    used 4729K, capacity 4922K, committed 4992K, reserved 1048576K
Event: 10.156 GC heap after
Heap after GC invocations=9 (full 2):
 PSYoungGen      total 105984K, used 0K [0x00000000eab00000, 0x00000000f5800000, 0x0000000100000000)
  eden space 95744K, 0% used [0x00000000eab00000,0x00000000eab00000,0x00000000f0880000)
  from space 10240K, 0% used [0x00000000f0880000,0x00000000f0880000,0x00000000f1280000)
  to   space 13312K, 0% used [0x00000000f4b00000,0x00000000f4b00000,0x00000000f5800000)
 ParOldGen       total 98816K, used 21320K [0x00000000c0000000, 0x00000000c6080000, 0x00000000eab00000)
  object space 98816K, 21% used [0x00000000c0000000,0x00000000c14d2218,0x00000000c6080000)
 Metaspace       used 34720K, capacity 35332K, committed 35456K, reserved 1079296K
  class space    used 4729K, capacity 4922K, committed 4992K, reserved 1048576K
}
Event: 12.583 GC heap before
{Heap before GC invocations=10 (full 2):
 PSYoungGen      total 105984K, used 95744K [0x00000000eab00000, 0x00000000f5800000, 0x0000000100000000)
  eden space 95744K, 100% used [0x00000000eab00000,0x00000000f0880000,0x00000000f0880000)
  from space 10240K, 0% used [0x00000000f0880000,0x00000000f0880000,0x00000000f1280000)
  to   space 13312K, 0% used [0x00000000f4b00000,0x00000000f4b00000,0x00000000f5800000)
 ParOldGen       total 98816K, used 21320K [0x00000000c0000000, 0x00000000c6080000, 0x00000000eab00000)
  object space 98816K, 21% used [0x00000000c0000000,0x00000000c14d2218,0x00000000c6080000)
 Metaspace       used 40285K, capacity 41078K, committed 41344K, reserved 1085440K
  class space    used 5531K, capacity 5755K, committed 5760K, reserved 1048576K
Event: 12.597 GC heap after
Heap after GC invocations=10 (full 2):
 PSYoungGen      total 156160K, used 10029K [0x00000000eab00000, 0x00000000f5500000, 0x0000000100000000)
  eden space 145920K, 0% used [0x00000000eab00000,0x00000000eab00000,0x00000000f3980000)
  from space 10240K, 97% used [0x00000000f4b00000,0x00000000f54cb400,0x00000000f5500000)
  to   space 13312K, 0% used [0x00000000f3b00000,0x00000000f3b00000,0x00000000f4800000)
 ParOldGen       total 98816K, used 21328K [0x00000000c0000000, 0x00000000c6080000, 0x00000000eab00000)
  object space 98816K, 21% used [0x00000000c0000000,0x00000000c14d4218,0x00000000c6080000)
 Metaspace       used 40285K, capacity 41078K, committed 41344K, reserved 1085440K
  class space    used 5531K, capacity 5755K, committed 5760K, reserved 1048576K
}
Event: 25.415 GC heap before
{Heap before GC invocations=11 (full 2):
 PSYoungGen      total 156160K, used 155949K [0x00000000eab00000, 0x00000000f5500000, 0x0000000100000000)
  eden space 145920K, 100% used [0x00000000eab00000,0x00000000f3980000,0x00000000f3980000)
  from space 10240K, 97% used [0x00000000f4b00000,0x00000000f54cb400,0x00000000f5500000)
  to   space 13312K, 0% used [0x00000000f3b00000,0x00000000f3b00000,0x00000000f4800000)
 ParOldGen       total 98816K, used 21328K [0x00000000c0000000, 0x00000000c6080000, 0x00000000eab00000)
  object space 98816K, 21% used [0x00000000c0000000,0x00000000c14d4218,0x00000000c6080000)
 Metaspace       used 46167K, capacity 47204K, committed 47488K, reserved 1089536K
  class space    used 6358K, capacity 6663K, committed 6784K, reserved 1048576K
Event: 25.446 GC heap after
Heap after GC invocations=11 (full 2):
 PSYoungGen      total 160768K, used 13282K [0x00000000eab00000, 0x00000000f8600000, 0x0000000100000000)
  eden space 147456K, 0% used [0x00000000eab00000,0x00000000eab00000,0x00000000f3b00000)
  from space 13312K, 99% used [0x00000000f3b00000,0x00000000f47f8940,0x00000000f4800000)
  to   space 18944K, 0% used [0x00000000f7380000,0x00000000f7380000,0x00000000f8600000)
 ParOldGen       total 98816K, used 30680K [0x00000000c0000000, 0x00000000c6080000, 0x00000000eab00000)
  object space 98816K, 31% used [0x00000000c0000000,0x00000000c1df6360,0x00000000c6080000)
 Metaspace       used 46167K, capacity 47204K, committed 47488K, reserved 1089536K
  class space    used 6358K, capacity 6663K, committed 6784K, reserved 1048576K
}
Event: 31.170 GC heap before
{Heap before GC invocations=12 (full 2):
 PSYoungGen      total 160768K, used 160738K [0x00000000eab00000, 0x00000000f8600000, 0x0000000100000000)
  eden space 147456K, 100% used [0x00000000eab00000,0x00000000f3b00000,0x00000000f3b00000)
  from space 13312K, 99% used [0x00000000f3b00000,0x00000000f47f8940,0x00000000f4800000)
  to   space 18944K, 0% used [0x00000000f7380000,0x00000000f7380000,0x00000000f8600000)
 ParOldGen       total 98816K, used 30680K [0x00000000c0000000, 0x00000000c6080000, 0x00000000eab00000)
  object space 98816K, 31% used [0x00000000c0000000,0x00000000c1df6360,0x00000000c6080000)
 Metaspace       used 47680K, capacity 48682K, committed 48896K, reserved 1091584K
  class space    used 6535K, capacity 6856K, committed 6912K, reserved 1048576K
Event: 31.191 GC heap after
Heap after GC invocations=12 (full 2):
 PSYoungGen      total 202752K, used 17067K [0x00000000eab00000, 0x00000000f8680000, 0x0000000100000000)
  eden space 183808K, 0% used [0x00000000eab00000,0x00000000eab00000,0x00000000f5e80000)
  from space 18944K, 90% used [0x00000000f7380000,0x00000000f842acc0,0x00000000f8600000)
  to   space 20480K, 0% used [0x00000000f5e80000,0x00000000f5e80000,0x00000000f7280000)
 ParOldGen       total 98816K, used 30688K [0x00000000c0000000, 0x00000000c6080000, 0x00000000eab00000)
  object space 98816K, 31% used [0x00000000c0000000,0x00000000c1df8360,0x00000000c6080000)
 Metaspace       used 47680K, capacity 48682K, committed 48896K, reserved 1091584K
  class space    used 6535K, capacity 6856K, committed 6912K, reserved 1048576K
}

