# JRE version: Java(TM) SE Runtime Environment (8.0_45-b15) (build 1.8.0_45-b15)
# Java VM: Java HotSpot(TM) 64-Bit Server VM (25.45-b02 mixed mode windows-amd64 compressed oops)
Heap:
 PSYoungGen      total 145920K, used 82684K [0x00000000eab00000, 0x00000000f4e00000, 0x0000000100000000)
  eden space 133120K, 54% used [0x00000000eab00000,0x00000000ef1cf678,0x00000000f2d00000)
  from space 12800K, 79% used [0x00000000f3a00000,0x00000000f43efb90,0x00000000f4680000)
  to   space 13312K, 0% used [0x00000000f2d00000,0x00000000f2d00000,0x00000000f3a00000)
 ParOldGen       total 100864K, used 19262K [0x00000000c0000000, 0x00000000c6280000, 0x00000000eab00000)
  object space 100864K, 19% used [0x00000000c0000000,0x00000000c12cf870,0x00000000c6280000)
 Metaspace       used 44051K, capacity 44842K, committed 44928K, reserved 1087488K
  class space    used 6016K, capacity 6234K, committed 6272K, reserved 1048576K
GC Heap History (10 events):
Event: 3.213 GC heap before
{Heap before GC invocations=6 (full 1):
 PSYoungGen      total 71680K, used 66560K [0x00000000eab00000, 0x00000000ef600000, 0x0000000100000000)
  eden space 66560K, 100% used [0x00000000eab00000,0x00000000eec00000,0x00000000eec00000)
  from space 5120K, 0% used [0x00000000ef100000,0x00000000ef100000,0x00000000ef600000)
  to   space 5120K, 0% used [0x00000000eec00000,0x00000000eec00000,0x00000000ef100000)
 ParOldGen       total 61440K, used 7721K [0x00000000c0000000, 0x00000000c3c00000, 0x00000000eab00000)
  object space 61440K, 12% used [0x00000000c0000000,0x00000000c078a458,0x00000000c3c00000)
 Metaspace       used 25712K, capacity 26256K, committed 26496K, reserved 1073152K
  class space    used 3481K, capacity 3608K, committed 3712K, reserved 1048576K
Event: 3.226 GC heap after
Heap after GC invocations=6 (full 1):
 PSYoungGen      total 71680K, used 5103K [0x00000000eab00000, 0x00000000f2100000, 0x0000000100000000)
  eden space 66560K, 0% used [0x00000000eab00000,0x00000000eab00000,0x00000000eec00000)
  from space 5120K, 99% used [0x00000000eec00000,0x00000000ef0fbc90,0x00000000ef100000)
  to   space 10240K, 0% used [0x00000000f1700000,0x00000000f1700000,0x00000000f2100000)
 ParOldGen       total 61440K, used 10370K [0x00000000c0000000, 0x00000000c3c00000, 0x00000000eab00000)
  object space 61440K, 16% used [0x00000000c0000000,0x00000000c0a209f8,0x00000000c3c00000)
 Metaspace       used 25712K, capacity 26256K, committed 26496K, reserved 1073152K
  class space    used 3481K, capacity 3608K, committed 3712K, reserved 1048576K
}
Event: 5.448 GC heap before
{Heap before GC invocations=7 (full 1):
 PSYoungGen      total 71680K, used 71663K [0x00000000eab00000, 0x00000000f2100000, 0x0000000100000000)
  eden space 66560K, 100% used [0x00000000eab00000,0x00000000eec00000,0x00000000eec00000)
  from space 5120K, 99% used [0x00000000eec00000,0x00000000ef0fbc90,0x00000000ef100000)
  to   space 10240K, 0% used [0x00000000f1700000,0x00000000f1700000,0x00000000f2100000)
 ParOldGen       total 61440K, used 10370K [0x00000000c0000000, 0x00000000c3c00000, 0x00000000eab00000)
  object space 61440K, 16% used [0x00000000c0000000,0x00000000c0a209f8,0x00000000c3c00000)
 Metaspace       used 29412K, capacity 29992K, committed 30208K, reserved 1075200K
  class space    used 3918K, capacity 4060K, committed 4096K, reserved 1048576K
Event: 5.456 GC heap after
Heap after GC invocations=7 (full 1):
 PSYoungGen      total 103936K, used 7603K [0x00000000eab00000, 0x00000000f1e80000, 0x0000000100000000)
  eden space 96256K, 0% used [0x00000000eab00000,0x00000000eab00000,0x00000000f0900000)
  from space 7680K, 99% used [0x00000000f1700000,0x00000000f1e6ce30,0x00000000f1e80000)
  to   space 9728K, 0% used [0x00000000f0b80000,0x00000000f0b80000,0x00000000f1500000)
 ParOldGen       total 61440K, used 10378K [0x00000000c0000000, 0x00000000c3c00000, 0x00000000eab00000)
  object space 61440K, 16% used [0x00000000c0000000,0x00000000c0a229f8,0x00000000c3c00000)
 Metaspace       used 29412K, capacity 29992K, committed 30208K, reserved 1075200K
  class space    used 3918K, capacity 4060K, committed 4096K, reserved 1048576K
}
Event: 9.772 GC heap before
{Heap before GC invocations=8 (full 1):
 PSYoungGen      total 103936K, used 96295K [0x00000000eab00000, 0x00000000f1e80000, 0x0000000100000000)
  eden space 96256K, 92% used [0x00000000eab00000,0x00000000f019d0c8,0x00000000f0900000)
  from space 7680K, 99% used [0x00000000f1700000,0x00000000f1e6ce30,0x00000000f1e80000)
  to   space 9728K, 0% used [0x00000000f0b80000,0x00000000f0b80000,0x00000000f1500000)
 ParOldGen       total 61440K, used 10378K [0x00000000c0000000, 0x00000000c3c00000, 0x00000000eab00000)
  object space 61440K, 16% used [0x00000000c0000000,0x00000000c0a229f8,0x00000000c3c00000)
 Metaspace       used 34866K, capacity 35434K, committed 35496K, reserved 1079296K
  class space    used 4636K, capacity 4828K, committed 4864K, reserved 1048576K
Event: 9.787 GC heap after
Heap after GC invocations=8 (full 1):
 PSYoungGen      total 108544K, used 9716K [0x00000000eab00000, 0x00000000f4680000, 0x0000000100000000)
  eden space 98816K, 0% used [0x00000000eab00000,0x00000000eab00000,0x00000000f0b80000)
  from space 9728K, 99% used [0x00000000f0b80000,0x00000000f14fd2b0,0x00000000f1500000)
  to   space 12800K, 0% used [0x00000000f3a00000,0x00000000f3a00000,0x00000000f4680000)
 ParOldGen       total 61440K, used 14046K [0x00000000c0000000, 0x00000000c3c00000, 0x00000000eab00000)
  object space 61440K, 22% used [0x00000000c0000000,0x00000000c0db7a28,0x00000000c3c00000)
 Metaspace       used 34866K, capacity 35434K, committed 35496K, reserved 1079296K
  class space    used 4636K, capacity 4828K, committed 4864K, reserved 1048576K
}
Event: 9.787 GC heap before
{Heap before GC invocations=9 (full 2):
 PSYoungGen      total 108544K, used 9716K [0x00000000eab00000, 0x00000000f4680000, 0x0000000100000000)
  eden space 98816K, 0% used [0x00000000eab00000,0x00000000eab00000,0x00000000f0b80000)
  from space 9728K, 99% used [0x00000000f0b80000,0x00000000f14fd2b0,0x00000000f1500000)
  to   space 12800K, 0% used [0x00000000f3a00000,0x00000000f3a00000,0x00000000f4680000)
 ParOldGen       total 61440K, used 14046K [0x00000000c0000000, 0x00000000c3c00000, 0x00000000eab00000)
  object space 61440K, 22% used [0x00000000c0000000,0x00000000c0db7a28,0x00000000c3c00000)
 Metaspace       used 34866K, capacity 35434K, committed 35496K, reserved 1079296K
  class space    used 4636K, capacity 4828K, committed 4864K, reserved 1048576K
Event: 9.871 GC heap after
Heap after GC invocations=9 (full 2):
 PSYoungGen      total 108544K, used 0K [0x00000000eab00000, 0x00000000f4680000, 0x0000000100000000)
  eden space 98816K, 0% used [0x00000000eab00000,0x00000000eab00000,0x00000000f0b80000)
  from space 9728K, 0% used [0x00000000f0b80000,0x00000000f0b80000,0x00000000f1500000)
  to   space 12800K, 0% used [0x00000000f3a00000,0x00000000f3a00000,0x00000000f4680000)
 ParOldGen       total 100864K, used 19254K [0x00000000c0000000, 0x00000000c6280000, 0x00000000eab00000)
  object space 100864K, 19% used [0x00000000c0000000,0x00000000c12cd870,0x00000000c6280000)
 Metaspace       used 34840K, capacity 35346K, committed 35496K, reserved 1079296K
  class space    used 4628K, capacity 4820K, committed 4864K, reserved 1048576K
}
Event: 12.626 GC heap before
{Heap before GC invocations=10 (full 2):
 PSYoungGen      total 108544K, used 98816K [0x00000000eab00000, 0x00000000f4680000, 0x0000000100000000)
  eden space 98816K, 100% used [0x00000000eab00000,0x00000000f0b80000,0x00000000f0b80000)
  from space 9728K, 0% used [0x00000000f0b80000,0x00000000f0b80000,0x00000000f1500000)
  to   space 12800K, 0% used [0x00000000f3a00000,0x00000000f3a00000,0x00000000f4680000)
 ParOldGen       total 100864K, used 19254K [0x00000000c0000000, 0x00000000c6280000, 0x00000000eab00000)
  object space 100864K, 19% used [0x00000000c0000000,0x00000000c12cd870,0x00000000c6280000)
 Metaspace       used 41216K, capacity 41924K, committed 42112K, reserved 1085440K
  class space    used 5522K, capacity 5658K, committed 5760K, reserved 1048576K
Event: 12.641 GC heap after
Heap after GC invocations=10 (full 2):
 PSYoungGen      total 145920K, used 10174K [0x00000000eab00000, 0x00000000f4e00000, 0x0000000100000000)
  eden space 133120K, 0% used [0x00000000eab00000,0x00000000eab00000,0x00000000f2d00000)
  from space 12800K, 79% used [0x00000000f3a00000,0x00000000f43efb90,0x00000000f4680000)
  to   space 13312K, 0% used [0x00000000f2d00000,0x00000000f2d00000,0x00000000f3a00000)
 ParOldGen       total 100864K, used 19262K [0x00000000c0000000, 0x00000000c6280000, 0x00000000eab00000)
  object space 100864K, 19% used [0x00000000c0000000,0x00000000c12cf870,0x00000000c6280000)
 Metaspace       used 41216K, capacity 41924K, committed 42112K, reserved 1085440K
  class space    used 5522K, capacity 5658K, committed 5760K, reserved 1048576K
}

